[0m[[0m[0mdebug[0m] [0m[0m> Exec(run, Some(c688a4de-e83e-4f84-9910-4f8556770f6d), Some(CommandSource(console0)))[0m
[0m[[0m[0mdebug[0m] [0m[0mEvaluating tasks: Compile / run[0m
[0m[[0m[0mdebug[0m] [0m[0mRunning task... Cancel: Signal, check cycles: false, forcegc: true[0m
[0m[[0m[0minfo[0m] [0m[0mcompiling 1 Scala source to C:\Users\tyler\OneDrive\Desktop\211213-Big-Data-Reston\week 7\Project1Ex\target\scala-2.12\classes ...[0m
[0m[[0m[0minfo[0m] [0m[0mNon-compiled module 'compiler-bridge_2.12' for Scala 2.12.15. Compiling...[0m
[0m[[0m[0minfo[0m] [0m[0m  Compilation completed in 42.962s.[0m
[0m[[0m[31merror[0m] [0m[0mC:\Users\tyler\OneDrive\Desktop\211213-Big-Data-Reston\week 7\Project1Ex\src\main\scala\Project1Ex.scala:1:12: object apache is not a member of package org[0m
[0m[[0m[31merror[0m] [0m[0mimport org.apache.spark.sql.hive.HiveContext[0m
[0m[[0m[31merror[0m] [0m[0m           ^[0m
[0m[[0m[31merror[0m] [0m[0mC:\Users\tyler\OneDrive\Desktop\211213-Big-Data-Reston\week 7\Project1Ex\src\main\scala\Project1Ex.scala:2:12: object apache is not a member of package org[0m
[0m[[0m[31merror[0m] [0m[0mimport org.apache.spark.SparkConf[0m
[0m[[0m[31merror[0m] [0m[0m           ^[0m
[0m[[0m[31merror[0m] [0m[0mC:\Users\tyler\OneDrive\Desktop\211213-Big-Data-Reston\week 7\Project1Ex\src\main\scala\Project1Ex.scala:3:12: object apache is not a member of package org[0m
[0m[[0m[31merror[0m] [0m[0mimport org.apache.spark.SparkContext[0m
[0m[[0m[31merror[0m] [0m[0m           ^[0m
[0m[[0m[31merror[0m] [0m[0mC:\Users\tyler\OneDrive\Desktop\211213-Big-Data-Reston\week 7\Project1Ex\src\main\scala\Project1Ex.scala:4:12: object apache is not a member of package org[0m
[0m[[0m[31merror[0m] [0m[0mimport org.apache.spark.SparkContext._[0m
[0m[[0m[31merror[0m] [0m[0m           ^[0m
[0m[[0m[31merror[0m] [0m[0mC:\Users\tyler\OneDrive\Desktop\211213-Big-Data-Reston\week 7\Project1Ex\src\main\scala\Project1Ex.scala:5:12: object apache is not a member of package org[0m
[0m[[0m[31merror[0m] [0m[0mimport org.apache.spark.sql.SQLContext[0m
[0m[[0m[31merror[0m] [0m[0m           ^[0m
[0m[[0m[31merror[0m] [0m[0mC:\Users\tyler\OneDrive\Desktop\211213-Big-Data-Reston\week 7\Project1Ex\src\main\scala\Project1Ex.scala:32:21: not found: type HiveContext[0m
[0m[[0m[31merror[0m] [0m[0m  val hiveCtx = new HiveContext(sc)[0m
[0m[[0m[31merror[0m] [0m[0m                    ^[0m
[0m[[0m[31merror[0m] [0m[0mC:\Users\tyler\OneDrive\Desktop\211213-Big-Data-Reston\week 7\Project1Ex\src\main\scala\Project1Ex.scala:33:16: not found: type SparkContext[0m
[0m[[0m[31merror[0m] [0m[0m  val sc = new SparkContext(conf)[0m
[0m[[0m[31merror[0m] [0m[0m               ^[0m
[0m[[0m[31merror[0m] [0m[0mC:\Users\tyler\OneDrive\Desktop\211213-Big-Data-Reston\week 7\Project1Ex\src\main\scala\Project1Ex.scala:34:18: not found: type SparkConf[0m
[0m[[0m[31merror[0m] [0m[0m  val conf = new SparkConf().setMaster("local").setAppName("Project1")[0m
[0m[[0m[31merror[0m] [0m[0m                 ^[0m
[0m[[0m[31merror[0m] [0m[0m8 errors found[0m
[0m[[0m[31merror[0m] [0m[0m(Compile / [31mcompileIncremental[0m) Compilation failed[0m
[0m[[0m[31merror[0m] [0m[0mTotal time: 54 s, completed Feb 3, 2022 12:18:12 PM[0m
[0m[[0m[0mdebug[0m] [0m[0m> Exec(shell, None, None)[0m
